{"uid":"51657997fc6eb8f0","name":"test_header_elements_follow_to_right_link","fullName":"tests.test_main_page.TestPositive#test_header_elements_follow_to_right_link","historyId":"665386e56fabfcc023e2bfe26cf6a44d","time":{"start":1705776770407,"stop":1705776792231,"duration":21824},"status":"broken","statusMessage":"selenium.common.exceptions.NoSuchElementException: Message: no such element: Unable to locate element: {\"method\":\"css selector\",\"selector\":\"ul[class='Navigation_menu__Xg4DA'] > li:nth-child(3) > a[href='/hire-developers']\"}\n  (Session info: chrome=120.0.6099.225); For documentation on this error, please visit: https://www.selenium.dev/documentation/webdriver/troubleshooting/errors#no-such-element-exception\nStacktrace:\n\tGetHandleVerifier [0x00007FF6748B4D02+56194]\n\t(No symbol) [0x00007FF6748204B2]\n\t(No symbol) [0x00007FF6746C76AA]\n\t(No symbol) [0x00007FF6747116D0]\n\t(No symbol) [0x00007FF6747117EC]\n\t(No symbol) [0x00007FF674754D77]\n\t(No symbol) [0x00007FF674735EBF]\n\t(No symbol) [0x00007FF674752786]\n\t(No symbol) [0x00007FF674735C23]\n\t(No symbol) [0x00007FF674704A45]\n\t(No symbol) [0x00007FF674705AD4]\n\tGetHandleVerifier [0x00007FF674C2D5BB+3695675]\n\tGetHandleVerifier [0x00007FF674C86197+4059159]\n\tGetHandleVerifier [0x00007FF674C7DF63+4025827]\n\tGetHandleVerifier [0x00007FF67494F029+687785]\n\t(No symbol) [0x00007FF67482B508]\n\t(No symbol) [0x00007FF674827564]\n\t(No symbol) [0x00007FF6748276E9]\n\t(No symbol) [0x00007FF674818094]\n\tBaseThreadInitThunk [0x00007FFFCDEF7614+20]\n\tRtlUserThreadStart [0x00007FFFCE7826A1+33]","statusTrace":"self = <Portfolio_front_end.tests.test_main_page.TestPositive object at 0x000001F6D09DB710>, browser = <selenium.webdriver.chrome.webdriver.WebDriver (session=\"976719a77113cd97c47f22b89e520401\")>\n\n    def test_header_elements_follow_to_right_link(self, browser):\n        page = MainPage(browser, link)\n        page.open()\n        page.should_be_main_page()\n        page.go_to_hireteam_page()\n        page.should_be_hireteam_page()\n        page.go_to_main_page()\n        page.should_be_main_page()\n>       page.go_to_hiredevelopers_page()\n\ntest_main_page.py:24: \n_ _ _ _ _ _ _ _ _ _ _ _ _ _ _ _ _ _ _ _ _ _ _ _ _ _ _ _ _ _ _ _ _ _ _ _ _ _ _ _ _ _ _ _ _ _ _ _ _ _ _ _ _ _ _ _ _ _ _ _ _ _ _ _ _ _ _ _ _ _ _ _ _ _ _ _ _ _ _ _ _ _ _ _ _ _ _ _ _ _ _ _ _ _ _ _ _ _ _ _ _ _ \n..\\pages\\main_page.py:108: in go_to_hiredevelopers_page\n    self.browser.find_element(*MainPageLocators.HIREDEV_BTN).click()\n..\\..\\venv\\Lib\\site-packages\\selenium\\webdriver\\remote\\webdriver.py:741: in find_element\n    return self.execute(Command.FIND_ELEMENT, {\"using\": by, \"value\": value})[\"value\"]\n..\\..\\venv\\Lib\\site-packages\\selenium\\webdriver\\remote\\webdriver.py:347: in execute\n    self.error_handler.check_response(response)\n_ _ _ _ _ _ _ _ _ _ _ _ _ _ _ _ _ _ _ _ _ _ _ _ _ _ _ _ _ _ _ _ _ _ _ _ _ _ _ _ _ _ _ _ _ _ _ _ _ _ _ _ _ _ _ _ _ _ _ _ _ _ _ _ _ _ _ _ _ _ _ _ _ _ _ _ _ _ _ _ _ _ _ _ _ _ _ _ _ _ _ _ _ _ _ _ _ _ _ _ _ _ \n\nself = <selenium.webdriver.remote.errorhandler.ErrorHandler object at 0x000001F6D0AF5940>\nresponse = {'status': 404, 'value': '{\"value\":{\"error\":\"no such element\",\"message\":\"no such element: Unable to locate element: {\\...07FF674818094]\\\\n\\\\tBaseThreadInitThunk [0x00007FFFCDEF7614+20]\\\\n\\\\tRtlUserThreadStart [0x00007FFFCE7826A1+33]\\\\n\"}}'}\n\n    def check_response(self, response: Dict[str, Any]) -> None:\n        \"\"\"Checks that a JSON response from the WebDriver does not have an\n        error.\n    \n        :Args:\n         - response - The JSON response from the WebDriver server as a dictionary\n           object.\n    \n        :Raises: If the response contains an error message.\n        \"\"\"\n        status = response.get(\"status\", None)\n        if not status or status == ErrorCode.SUCCESS:\n            return\n        value = None\n        message = response.get(\"message\", \"\")\n        screen: str = response.get(\"screen\", \"\")\n        stacktrace = None\n        if isinstance(status, int):\n            value_json = response.get(\"value\", None)\n            if value_json and isinstance(value_json, str):\n                import json\n    \n                try:\n                    value = json.loads(value_json)\n                    if len(value) == 1:\n                        value = value[\"value\"]\n                    status = value.get(\"error\", None)\n                    if not status:\n                        status = value.get(\"status\", ErrorCode.UNKNOWN_ERROR)\n                        message = value.get(\"value\") or value.get(\"message\")\n                        if not isinstance(message, str):\n                            value = message\n                            message = message.get(\"message\")\n                    else:\n                        message = value.get(\"message\", None)\n                except ValueError:\n                    pass\n    \n        exception_class: Type[WebDriverException]\n        e = ErrorCode()\n        error_codes = [item for item in dir(e) if not item.startswith(\"__\")]\n        for error_code in error_codes:\n            error_info = getattr(ErrorCode, error_code)\n            if isinstance(error_info, list) and status in error_info:\n                exception_class = getattr(ExceptionMapping, error_code, WebDriverException)\n                break\n        else:\n            exception_class = WebDriverException\n    \n        if not value:\n            value = response[\"value\"]\n        if isinstance(value, str):\n            raise exception_class(value)\n        if message == \"\" and \"message\" in value:\n            message = value[\"message\"]\n    \n        screen = None  # type: ignore[assignment]\n        if \"screen\" in value:\n            screen = value[\"screen\"]\n    \n        stacktrace = None\n        st_value = value.get(\"stackTrace\") or value.get(\"stacktrace\")\n        if st_value:\n            if isinstance(st_value, str):\n                stacktrace = st_value.split(\"\\n\")\n            else:\n                stacktrace = []\n                try:\n                    for frame in st_value:\n                        line = frame.get(\"lineNumber\", \"\")\n                        file = frame.get(\"fileName\", \"<anonymous>\")\n                        if line:\n                            file = f\"{file}:{line}\"\n                        meth = frame.get(\"methodName\", \"<anonymous>\")\n                        if \"className\" in frame:\n                            meth = f\"{frame['className']}.{meth}\"\n                        msg = \"    at %s (%s)\"\n                        msg = msg % (meth, file)\n                        stacktrace.append(msg)\n                except TypeError:\n                    pass\n        if exception_class == UnexpectedAlertPresentException:\n            alert_text = None\n            if \"data\" in value:\n                alert_text = value[\"data\"].get(\"text\")\n            elif \"alert\" in value:\n                alert_text = value[\"alert\"].get(\"text\")\n            raise exception_class(message, screen, stacktrace, alert_text)  # type: ignore[call-arg]  # mypy is not smart enough here\n>       raise exception_class(message, screen, stacktrace)\nE       selenium.common.exceptions.NoSuchElementException: Message: no such element: Unable to locate element: {\"method\":\"css selector\",\"selector\":\"ul[class='Navigation_menu__Xg4DA'] > li:nth-child(3) > a[href='/hire-developers']\"}\nE         (Session info: chrome=120.0.6099.225); For documentation on this error, please visit: https://www.selenium.dev/documentation/webdriver/troubleshooting/errors#no-such-element-exception\nE       Stacktrace:\nE       \tGetHandleVerifier [0x00007FF6748B4D02+56194]\nE       \t(No symbol) [0x00007FF6748204B2]\nE       \t(No symbol) [0x00007FF6746C76AA]\nE       \t(No symbol) [0x00007FF6747116D0]\nE       \t(No symbol) [0x00007FF6747117EC]\nE       \t(No symbol) [0x00007FF674754D77]\nE       \t(No symbol) [0x00007FF674735EBF]\nE       \t(No symbol) [0x00007FF674752786]\nE       \t(No symbol) [0x00007FF674735C23]\nE       \t(No symbol) [0x00007FF674704A45]\nE       \t(No symbol) [0x00007FF674705AD4]\nE       \tGetHandleVerifier [0x00007FF674C2D5BB+3695675]\nE       \tGetHandleVerifier [0x00007FF674C86197+4059159]\nE       \tGetHandleVerifier [0x00007FF674C7DF63+4025827]\nE       \tGetHandleVerifier [0x00007FF67494F029+687785]\nE       \t(No symbol) [0x00007FF67482B508]\nE       \t(No symbol) [0x00007FF674827564]\nE       \t(No symbol) [0x00007FF6748276E9]\nE       \t(No symbol) [0x00007FF674818094]\nE       \tBaseThreadInitThunk [0x00007FFFCDEF7614+20]\nE       \tRtlUserThreadStart [0x00007FFFCE7826A1+33]\n\n..\\..\\venv\\Lib\\site-packages\\selenium\\webdriver\\remote\\errorhandler.py:229: NoSuchElementException","flaky":false,"newFailed":false,"newBroken":false,"newPassed":false,"retriesCount":0,"retriesStatusChange":false,"beforeStages":[{"name":"_session_faker","time":{"start":1705775269163,"stop":1705775269280,"duration":117},"status":"passed","steps":[],"attachments":[],"parameters":[],"hasContent":false,"shouldDisplayMessage":false,"attachmentsCount":0,"stepsCount":0,"attachmentStep":false},{"name":"base_url","time":{"start":1705775269280,"stop":1705775269281,"duration":1},"status":"passed","steps":[],"attachments":[],"parameters":[],"hasContent":false,"shouldDisplayMessage":false,"attachmentsCount":0,"stepsCount":0,"attachmentStep":false},{"name":"sensitive_url","time":{"start":1705775269281,"stop":1705775269281,"duration":0},"status":"passed","steps":[],"attachments":[],"parameters":[],"hasContent":false,"shouldDisplayMessage":false,"attachmentsCount":0,"stepsCount":0,"attachmentStep":false},{"name":"_verify_url","time":{"start":1705775269281,"stop":1705775269281,"duration":0},"status":"passed","steps":[],"attachments":[],"parameters":[],"hasContent":false,"shouldDisplayMessage":false,"attachmentsCount":0,"stepsCount":0,"attachmentStep":false},{"name":"browser","time":{"start":1705776766116,"stop":1705776770405,"duration":4289},"status":"passed","steps":[],"attachments":[],"parameters":[],"hasContent":false,"shouldDisplayMessage":false,"attachmentsCount":0,"stepsCount":0,"attachmentStep":false},{"name":"_skip_sensitive","time":{"start":1705776766116,"stop":1705776766116,"duration":0},"status":"passed","steps":[],"attachments":[],"parameters":[],"hasContent":false,"shouldDisplayMessage":false,"attachmentsCount":0,"stepsCount":0,"attachmentStep":false}],"afterStages":[{"name":"browser::0","time":{"start":1705776796433,"stop":1705776798677,"duration":2244},"status":"passed","steps":[],"attachments":[],"parameters":[],"hasContent":false,"shouldDisplayMessage":false,"attachmentsCount":0,"stepsCount":0,"attachmentStep":false}],"labels":[{"name":"parentSuite","value":"tests"},{"name":"suite","value":"test_main_page"},{"name":"subSuite","value":"TestPositive"},{"name":"host","value":"DESKTOP-7TT8LEA"},{"name":"thread","value":"11572-MainThread"},{"name":"framework","value":"pytest"},{"name":"language","value":"cpython3"},{"name":"package","value":"tests.test_main_page"},{"name":"resultFormat","value":"allure2"}],"parameters":[],"links":[],"hidden":false,"retry":false,"extra":{"severity":"normal","retries":[],"categories":[{"name":"Test defects","matchedStatuses":[],"flaky":false}],"tags":[]},"source":"51657997fc6eb8f0.json","parameterValues":[]}