{"uid":"cd1510395b2d2d28","name":"test_cant_go_to_step_4_with_incorrect_data[NTTC17]","fullName":"tests.test_hire_team_page.TestNegative#test_cant_go_to_step_4_with_incorrect_data","historyId":"319f0dec920ac279ae062b48bac4892f","time":{"start":1705775783606,"stop":1705775802668,"duration":19062},"status":"failed","statusMessage":"AssertionError: \u001B[91mWARNING!!! ERROR IN TEST!\u001B[0m","statusTrace":"self = <Portfolio_front_end.tests.test_hire_team_page.TestNegative object at 0x000001F6D09AF950>, browser = <selenium.webdriver.chrome.webdriver.WebDriver (session=\"a9125573e5e3c5bb153514f6d2eea993\")>\nargs = ('Input_form_1_ON', ('css selector', 'div#root input'), 5, 'Input_form_2_OFF', None, None, ...)\n\n    @pytest.mark.parametrize(\n        \"args\",\n        [\n            pytest.param(\n                (  # Cant go to step 4 without data\n                        \"Input_form_1_OFF\",\n                        None,\n                        None,\n                        \"Input_form_2_OFF\",\n                        None,\n                        None,\n                        \"Check_filter_OFF\",\n                        \"Privacy_ON\",\n                        \"Budget_OFF\",\n                        \"Textarea_OFF\",\n                        None,\n                        HireTeamPageLocators.VALIDATION_MESSAGE_1,\n                        \"must be filled\",  # FAIL\n                        HireTeamPageLocators.STEP_4_HEADING,\n                ),\n                id=\"NTTC15\",\n                marks=pytest.mark.skip(reason=\"Skipping this Test Case. Need to fix it\"),\n            ),\n            pytest.param(\n                (  # Cant send in step 3 incorrect data\n                        \"Input_form_1_ON\",\n                        HireTeamPageLocators.INPUT_FORM,\n                        Faker().name(),\n                        \"Input_form_2_OFF\",\n                        None,\n                        None,\n                        \"Check_filter_ON\",\n                        \"Privacy_ON\",\n                        \"Budget_OFF\",\n                        \"Textarea_OFF\",\n                        None,\n                        HireTeamPageLocators.NEXT_STEP_BTN,\n                        \"Next step\",\n                        HireTeamPageLocators.STEP_4_HEADING,\n                ),\n                id=\"NTTC16\",\n            ),\n            pytest.param(\n                (  # Cant send in step 3 incorrect data\n                        \"Input_form_1_ON\",\n                        HireTeamPageLocators.INPUT_FORM,\n                        Faker().random_int(min=1, max=10),\n                        \"Input_form_2_OFF\",\n                        None,\n                        None,\n                        \"Check_filter_ON\",\n                        \"Privacy_ON\",\n                        \"Budget_OFF\",\n                        \"Textarea_OFF\",\n                        None,\n                        HireTeamPageLocators.NEXT_STEP_BTN,\n                        \"Next step\",\n                        HireTeamPageLocators.STEP_4_HEADING,\n                ),\n                id=\"NTTC17\",\n            ),\n        ],\n    )\n    def test_cant_go_to_step_4_with_incorrect_data(self, browser, args):\n        page = HireTeamPage(browser, link)\n        page.open()\n        page.should_be_hireteam_page()\n        page.go_to_step_3_hireteam_page()\n        page.cant_go_to_next_step_with_incorrect_data(*args)\n>       page.check_fail_status()\n\ntest_hire_team_page.py:499: \n_ _ _ _ _ _ _ _ _ _ _ _ _ _ _ _ _ _ _ _ _ _ _ _ _ _ _ _ _ _ _ _ _ _ _ _ _ _ _ _ _ _ _ _ _ _ _ _ _ _ _ _ _ _ _ _ _ _ _ _ _ _ _ _ _ _ _ _ _ _ _ _ _ _ _ _ _ _ _ _ _ _ _ _ _ _ _ _ _ _ _ _ _ _ _ _ _ _ _ _ _ _ \n\nself = <Portfolio_front_end.pages.hire_team_page.HireTeamPage object at 0x000001F6D0B013D0>\n\n    def check_fail_status(self):\n        \"\"\"\n        Check the status of the test and print a message indicating whether the test passed or failed.\n    \n        This function takes no parameters.\n    \n        Returns:\n            None\n        \"\"\"\n        global status\n        if status:\n            print(\"\\033[91mTEST FAILED!\\033[0m\")\n            status = 0\n>           assert (), \"\\033[91mWARNING!!! ERROR IN TEST!\\033[0m\"\nE           AssertionError: \u001B[91mWARNING!!! ERROR IN TEST!\u001B[0m\n\n..\\pages\\base_page.py:715: AssertionError","flaky":false,"newFailed":false,"newBroken":false,"newPassed":false,"retriesCount":0,"retriesStatusChange":false,"beforeStages":[{"name":"_session_faker","time":{"start":1705775269163,"stop":1705775269280,"duration":117},"status":"passed","steps":[],"attachments":[],"parameters":[],"hasContent":false,"shouldDisplayMessage":false,"attachmentsCount":0,"stepsCount":0,"attachmentStep":false},{"name":"base_url","time":{"start":1705775269280,"stop":1705775269281,"duration":1},"status":"passed","steps":[],"attachments":[],"parameters":[],"hasContent":false,"shouldDisplayMessage":false,"attachmentsCount":0,"stepsCount":0,"attachmentStep":false},{"name":"sensitive_url","time":{"start":1705775269281,"stop":1705775269281,"duration":0},"status":"passed","steps":[],"attachments":[],"parameters":[],"hasContent":false,"shouldDisplayMessage":false,"attachmentsCount":0,"stepsCount":0,"attachmentStep":false},{"name":"_verify_url","time":{"start":1705775269281,"stop":1705775269281,"duration":0},"status":"passed","steps":[],"attachments":[],"parameters":[],"hasContent":false,"shouldDisplayMessage":false,"attachmentsCount":0,"stepsCount":0,"attachmentStep":false},{"name":"_skip_sensitive","time":{"start":1705775780867,"stop":1705775780867,"duration":0},"status":"passed","steps":[],"attachments":[],"parameters":[],"hasContent":false,"shouldDisplayMessage":false,"attachmentsCount":0,"stepsCount":0,"attachmentStep":false},{"name":"browser","time":{"start":1705775780868,"stop":1705775783604,"duration":2736},"status":"passed","steps":[],"attachments":[],"parameters":[],"hasContent":false,"shouldDisplayMessage":false,"attachmentsCount":0,"stepsCount":0,"attachmentStep":false}],"afterStages":[{"name":"browser::0","time":{"start":1705775802718,"stop":1705775805031,"duration":2313},"status":"passed","steps":[],"attachments":[],"parameters":[],"hasContent":false,"shouldDisplayMessage":false,"attachmentsCount":0,"stepsCount":0,"attachmentStep":false}],"labels":[{"name":"parentSuite","value":"tests"},{"name":"suite","value":"test_hire_team_page"},{"name":"subSuite","value":"TestNegative"},{"name":"host","value":"DESKTOP-7TT8LEA"},{"name":"thread","value":"11572-MainThread"},{"name":"framework","value":"pytest"},{"name":"language","value":"cpython3"},{"name":"package","value":"tests.test_hire_team_page"},{"name":"resultFormat","value":"allure2"}],"parameters":[{"name":"args","value":"('Input_form_1_ON', ('css selector', 'div#root input'), 5, 'Input_form_2_OFF', None, None, 'Check_filter_ON', 'Privacy_ON', 'Budget_OFF', 'Textarea_OFF', None, ('css selector', 'div#root button.TeamSearch_submit__3OjIy.btn_2.btn_purple.mobile_hidden'), 'Next step', ('css selector', 'div#root div.TeamSearch_budget_question__t1IoD'))"}],"links":[],"hidden":false,"retry":false,"extra":{"severity":"normal","retries":[],"categories":[{"name":"Product defects","matchedStatuses":[],"flaky":false}],"tags":[]},"source":"cd1510395b2d2d28.json","parameterValues":["('Input_form_1_ON', ('css selector', 'div#root input'), 5, 'Input_form_2_OFF', None, None, 'Check_filter_ON', 'Privacy_ON', 'Budget_OFF', 'Textarea_OFF', None, ('css selector', 'div#root button.TeamSearch_submit__3OjIy.btn_2.btn_purple.mobile_hidden'), 'Next step', ('css selector', 'div#root div.TeamSearch_budget_question__t1IoD'))"]}